1709324710.387240 client started (33557): version 3.4, socket /private/tmp/tmux-501/default, protocol 8
1709324710.387347 on Darwin 23.3.0 Darwin Kernel Version 23.3.0: Wed Dec 20 21:33:31 PST 2023; root:xnu-10002.81.5~7/RELEASE_ARM64_T8112
1709324710.387368 using libevent 2.1.12-stable select
1709324710.387404 using utf8proc 2.9.0
1709324710.387414 using ncurses 6.4 20221231
1709324710.387442 flags are 0x18010000
1709324710.387456 socket is /private/tmp/tmux-501/default
1709324710.387475 trying connect
1709324710.387504 connect failed: No such file or directory
1709324710.387531 lock file is /private/tmp/tmux-501/default.lock
1709324710.387649 flock succeeded
1709324710.387665 got lock (7)
1709324710.387679 trying connect
1709324710.387695 connect failed: No such file or directory
1709324710.388283 add peer 0x128008000: 8 (0x0)
1709324710.394563 sending message 100 to peer 0x128008000 (4 bytes)
1709324710.394575 sending message 111 to peer 0x128008000 (8 bytes)
1709324710.394582 sending message 101 to peer 0x128008000 (15 bytes)
1709324710.394588 sending message 109 to peer 0x128008000 (4 bytes)
1709324710.394594 sending message 102 to peer 0x128008000 (13 bytes)
1709324710.394600 sending message 108 to peer 0x128008000 (43 bytes)
1709324710.394605 sending message 112 to peer 0x128008000 (58 bytes)
1709324710.394611 sending message 112 to peer 0x128008000 (5 bytes)
1709324710.394617 sending message 112 to peer 0x128008000 (5 bytes)
1709324710.394623 sending message 112 to peer 0x128008000 (6 bytes)
1709324710.394629 sending message 112 to peer 0x128008000 (6 bytes)
1709324710.394635 sending message 112 to peer 0x128008000 (11 bytes)
1709324710.394641 sending message 112 to peer 0x128008000 (10 bytes)
1709324710.394647 sending message 112 to peer 0x128008000 (13 bytes)
1709324710.394653 sending message 112 to peer 0x128008000 (14 bytes)
1709324710.394659 sending message 112 to peer 0x128008000 (19 bytes)
1709324710.394665 sending message 112 to peer 0x128008000 (11 bytes)
1709324710.394670 sending message 112 to peer 0x128008000 (10 bytes)
1709324710.394676 sending message 112 to peer 0x128008000 (15 bytes)
1709324710.394682 sending message 112 to peer 0x128008000 (21 bytes)
1709324710.394688 sending message 112 to peer 0x128008000 (13 bytes)
1709324710.394695 sending message 112 to peer 0x128008000 (7 bytes)
1709324710.394704 sending message 112 to peer 0x128008000 (13 bytes)
1709324710.394714 sending message 112 to peer 0x128008000 (7 bytes)
1709324710.394722 sending message 112 to peer 0x128008000 (13 bytes)
1709324710.394728 sending message 112 to peer 0x128008000 (9 bytes)
1709324710.394734 sending message 112 to peer 0x128008000 (21 bytes)
1709324710.394739 sending message 112 to peer 0x128008000 (13 bytes)
1709324710.394746 sending message 112 to peer 0x128008000 (9 bytes)
1709324710.394752 sending message 112 to peer 0x128008000 (16 bytes)
1709324710.394758 sending message 112 to peer 0x128008000 (13 bytes)
1709324710.394765 sending message 112 to peer 0x128008000 (9 bytes)
1709324710.394775 sending message 112 to peer 0x128008000 (9 bytes)
1709324710.394784 sending message 112 to peer 0x128008000 (12 bytes)
1709324710.394794 sending message 112 to peer 0x128008000 (8 bytes)
1709324710.394804 sending message 112 to peer 0x128008000 (8 bytes)
1709324710.394824 sending message 112 to peer 0x128008000 (13 bytes)
1709324710.394836 sending message 112 to peer 0x128008000 (7 bytes)
1709324710.394846 sending message 112 to peer 0x128008000 (7 bytes)
1709324710.394855 sending message 112 to peer 0x128008000 (9 bytes)
1709324710.394864 sending message 112 to peer 0x128008000 (9 bytes)
1709324710.394874 sending message 112 to peer 0x128008000 (15 bytes)
1709324710.394883 sending message 112 to peer 0x128008000 (13 bytes)
1709324710.394893 sending message 112 to peer 0x128008000 (12 bytes)
1709324710.394902 sending message 112 to peer 0x128008000 (8 bytes)
1709324710.394912 sending message 112 to peer 0x128008000 (14 bytes)
1709324710.394919 sending message 112 to peer 0x128008000 (11 bytes)
1709324710.394927 sending message 112 to peer 0x128008000 (9 bytes)
1709324710.394972 sending message 112 to peer 0x128008000 (10 bytes)
1709324710.394979 sending message 112 to peer 0x128008000 (10 bytes)
1709324710.394986 sending message 112 to peer 0x128008000 (10 bytes)
1709324710.394993 sending message 112 to peer 0x128008000 (10 bytes)
1709324710.395000 sending message 112 to peer 0x128008000 (11 bytes)
1709324710.395007 sending message 112 to peer 0x128008000 (12 bytes)
1709324710.395014 sending message 112 to peer 0x128008000 (12 bytes)
1709324710.395021 sending message 112 to peer 0x128008000 (12 bytes)
1709324710.395028 sending message 112 to peer 0x128008000 (12 bytes)
1709324710.395035 sending message 112 to peer 0x128008000 (12 bytes)
1709324710.395042 sending message 112 to peer 0x128008000 (11 bytes)
1709324710.395049 sending message 112 to peer 0x128008000 (11 bytes)
1709324710.395057 sending message 112 to peer 0x128008000 (12 bytes)
1709324710.395075 sending message 112 to peer 0x128008000 (12 bytes)
1709324710.395082 sending message 112 to peer 0x128008000 (12 bytes)
1709324710.395100 sending message 112 to peer 0x128008000 (12 bytes)
1709324710.395108 sending message 112 to peer 0x128008000 (12 bytes)
1709324710.395115 sending message 112 to peer 0x128008000 (9 bytes)
1709324710.395122 sending message 112 to peer 0x128008000 (12 bytes)
1709324710.395129 sending message 112 to peer 0x128008000 (13 bytes)
1709324710.395136 sending message 112 to peer 0x128008000 (13 bytes)
1709324710.395141 sending message 112 to peer 0x128008000 (13 bytes)
1709324710.395149 sending message 112 to peer 0x128008000 (13 bytes)
1709324710.395156 sending message 112 to peer 0x128008000 (13 bytes)
1709324710.395163 sending message 112 to peer 0x128008000 (8 bytes)
1709324710.395170 sending message 112 to peer 0x128008000 (11 bytes)
1709324710.395177 sending message 112 to peer 0x128008000 (11 bytes)
1709324710.395184 sending message 112 to peer 0x128008000 (11 bytes)
1709324710.395192 sending message 112 to peer 0x128008000 (12 bytes)
1709324710.395197 sending message 112 to peer 0x128008000 (12 bytes)
1709324710.395202 sending message 112 to peer 0x128008000 (12 bytes)
1709324710.395210 sending message 112 to peer 0x128008000 (12 bytes)
1709324710.395216 sending message 112 to peer 0x128008000 (13 bytes)
1709324710.395222 sending message 112 to peer 0x128008000 (13 bytes)
1709324710.395230 sending message 112 to peer 0x128008000 (13 bytes)
1709324710.395237 sending message 112 to peer 0x128008000 (8 bytes)
1709324710.395244 sending message 112 to peer 0x128008000 (13 bytes)
1709324710.395252 sending message 112 to peer 0x128008000 (13 bytes)
1709324710.395259 sending message 112 to peer 0x128008000 (13 bytes)
1709324710.395267 sending message 112 to peer 0x128008000 (13 bytes)
1709324710.395275 sending message 112 to peer 0x128008000 (13 bytes)
1709324710.395282 sending message 112 to peer 0x128008000 (12 bytes)
1709324710.395290 sending message 112 to peer 0x128008000 (12 bytes)
1709324710.395295 sending message 112 to peer 0x128008000 (12 bytes)
1709324710.395303 sending message 112 to peer 0x128008000 (12 bytes)
1709324710.395310 sending message 112 to peer 0x128008000 (13 bytes)
1709324710.395317 sending message 112 to peer 0x128008000 (8 bytes)
1709324710.395324 sending message 112 to peer 0x128008000 (13 bytes)
1709324710.395372 sending message 112 to peer 0x128008000 (13 bytes)
1709324710.395379 sending message 112 to peer 0x128008000 (13 bytes)
1709324710.395386 sending message 112 to peer 0x128008000 (13 bytes)
1709324710.395393 sending message 112 to peer 0x128008000 (13 bytes)
1709324710.395399 sending message 112 to peer 0x128008000 (13 bytes)
1709324710.395406 sending message 112 to peer 0x128008000 (13 bytes)
1709324710.395413 sending message 112 to peer 0x128008000 (12 bytes)
1709324710.395420 sending message 112 to peer 0x128008000 (12 bytes)
1709324710.395427 sending message 112 to peer 0x128008000 (12 bytes)
1709324710.395434 sending message 112 to peer 0x128008000 (8 bytes)
1709324710.395443 sending message 112 to peer 0x128008000 (12 bytes)
1709324710.395458 sending message 112 to peer 0x128008000 (13 bytes)
1709324710.395464 sending message 112 to peer 0x128008000 (13 bytes)
1709324710.395471 sending message 112 to peer 0x128008000 (13 bytes)
1709324710.395478 sending message 112 to peer 0x128008000 (13 bytes)
1709324710.395485 sending message 112 to peer 0x128008000 (13 bytes)
1709324710.395493 sending message 112 to peer 0x128008000 (13 bytes)
1709324710.395501 sending message 112 to peer 0x128008000 (13 bytes)
1709324710.395508 sending message 112 to peer 0x128008000 (13 bytes)
1709324710.395516 sending message 112 to peer 0x128008000 (12 bytes)
1709324710.395524 sending message 112 to peer 0x128008000 (10 bytes)
1709324710.395532 sending message 112 to peer 0x128008000 (12 bytes)
1709324710.395540 sending message 112 to peer 0x128008000 (12 bytes)
1709324710.395548 sending message 112 to peer 0x128008000 (12 bytes)
1709324710.395553 sending message 112 to peer 0x128008000 (13 bytes)
1709324710.395561 sending message 112 to peer 0x128008000 (13 bytes)
1709324710.395568 sending message 112 to peer 0x128008000 (13 bytes)
1709324710.395575 sending message 112 to peer 0x128008000 (13 bytes)
1709324710.395581 sending message 112 to peer 0x128008000 (13 bytes)
1709324710.395588 sending message 112 to peer 0x128008000 (13 bytes)
1709324710.395596 sending message 112 to peer 0x128008000 (13 bytes)
1709324710.395603 sending message 112 to peer 0x128008000 (10 bytes)
1709324710.395612 sending message 112 to peer 0x128008000 (13 bytes)
1709324710.395619 sending message 112 to peer 0x128008000 (12 bytes)
1709324710.395628 sending message 112 to peer 0x128008000 (12 bytes)
1709324710.395635 sending message 112 to peer 0x128008000 (12 bytes)
1709324710.395642 sending message 112 to peer 0x128008000 (10 bytes)
1709324710.395650 sending message 112 to peer 0x128008000 (10 bytes)
1709324710.395657 sending message 112 to peer 0x128008000 (10 bytes)
1709324710.395664 sending message 112 to peer 0x128008000 (12 bytes)
1709324710.395671 sending message 112 to peer 0x128008000 (13 bytes)
1709324710.395678 sending message 112 to peer 0x128008000 (13 bytes)
1709324710.395684 sending message 112 to peer 0x128008000 (13 bytes)
1709324710.395691 sending message 112 to peer 0x128008000 (13 bytes)
1709324710.395698 sending message 112 to peer 0x128008000 (13 bytes)
1709324710.395705 sending message 112 to peer 0x128008000 (10 bytes)
1709324710.395712 sending message 112 to peer 0x128008000 (11 bytes)
1709324710.395719 sending message 112 to peer 0x128008000 (12 bytes)
1709324710.395726 sending message 112 to peer 0x128008000 (12 bytes)
1709324710.395734 sending message 112 to peer 0x128008000 (12 bytes)
1709324710.395739 sending message 112 to peer 0x128008000 (12 bytes)
1709324710.395744 sending message 112 to peer 0x128008000 (12 bytes)
1709324710.395752 sending message 112 to peer 0x128008000 (11 bytes)
1709324710.395757 sending message 112 to peer 0x128008000 (12 bytes)
1709324710.395764 sending message 112 to peer 0x128008000 (12 bytes)
1709324710.395771 sending message 112 to peer 0x128008000 (13 bytes)
1709324710.395779 sending message 112 to peer 0x128008000 (13 bytes)
1709324710.395786 sending message 112 to peer 0x128008000 (13 bytes)
1709324710.395795 sending message 112 to peer 0x128008000 (13 bytes)
1709324710.395802 sending message 112 to peer 0x128008000 (13 bytes)
1709324710.395820 sending message 112 to peer 0x128008000 (10 bytes)
1709324710.395827 sending message 112 to peer 0x128008000 (9 bytes)
1709324710.395835 sending message 112 to peer 0x128008000 (12 bytes)
1709324710.395848 sending message 112 to peer 0x128008000 (13 bytes)
1709324710.395855 sending message 112 to peer 0x128008000 (13 bytes)
1709324710.395862 sending message 112 to peer 0x128008000 (13 bytes)
1709324710.395869 sending message 112 to peer 0x128008000 (13 bytes)
1709324710.395876 sending message 112 to peer 0x128008000 (13 bytes)
1709324710.395883 sending message 112 to peer 0x128008000 (9 bytes)
1709324710.395891 sending message 112 to peer 0x128008000 (12 bytes)
1709324710.395898 sending message 112 to peer 0x128008000 (13 bytes)
1709324710.395915 sending message 112 to peer 0x128008000 (13 bytes)
1709324710.395921 sending message 112 to peer 0x128008000 (13 bytes)
1709324710.395928 sending message 112 to peer 0x128008000 (13 bytes)
1709324710.395935 sending message 112 to peer 0x128008000 (13 bytes)
1709324710.395942 sending message 112 to peer 0x128008000 (11 bytes)
1709324710.395950 sending message 112 to peer 0x128008000 (12 bytes)
1709324710.395958 sending message 112 to peer 0x128008000 (13 bytes)
1709324710.395964 sending message 112 to peer 0x128008000 (13 bytes)
1709324710.395971 sending message 112 to peer 0x128008000 (13 bytes)
1709324710.395978 sending message 112 to peer 0x128008000 (13 bytes)
1709324710.395985 sending message 112 to peer 0x128008000 (13 bytes)
1709324710.395992 sending message 112 to peer 0x128008000 (11 bytes)
1709324710.396000 sending message 112 to peer 0x128008000 (12 bytes)
1709324710.396005 sending message 112 to peer 0x128008000 (12 bytes)
1709324710.396010 sending message 112 to peer 0x128008000 (12 bytes)
1709324710.396018 sending message 112 to peer 0x128008000 (12 bytes)
1709324710.396024 sending message 112 to peer 0x128008000 (12 bytes)
1709324710.396031 sending message 112 to peer 0x128008000 (21 bytes)
1709324710.396038 sending message 112 to peer 0x128008000 (12 bytes)
1709324710.396045 sending message 112 to peer 0x128008000 (9 bytes)
1709324710.396052 sending message 112 to peer 0x128008000 (6 bytes)
1709324710.396059 sending message 112 to peer 0x128008000 (13 bytes)
1709324710.396066 sending message 112 to peer 0x128008000 (10 bytes)
1709324710.396074 sending message 112 to peer 0x128008000 (24 bytes)
1709324710.396081 sending message 112 to peer 0x128008000 (13 bytes)
1709324710.396088 sending message 112 to peer 0x128008000 (9 bytes)
1709324710.396097 sending message 112 to peer 0x128008000 (70 bytes)
1709324710.396104 sending message 112 to peer 0x128008000 (69 bytes)
1709324710.396112 sending message 112 to peer 0x128008000 (12 bytes)
1709324710.396119 sending message 112 to peer 0x128008000 (10 bytes)
1709324710.396126 sending message 112 to peer 0x128008000 (10 bytes)
1709324710.396132 sending message 112 to peer 0x128008000 (24 bytes)
1709324710.396140 sending message 112 to peer 0x128008000 (13 bytes)
1709324710.396146 sending message 112 to peer 0x128008000 (10 bytes)
1709324710.396154 sending message 112 to peer 0x128008000 (10 bytes)
1709324710.396162 sending message 112 to peer 0x128008000 (10 bytes)
1709324710.396169 sending message 112 to peer 0x128008000 (13 bytes)
1709324710.396176 sending message 112 to peer 0x128008000 (15 bytes)
1709324710.396183 sending message 112 to peer 0x128008000 (5 bytes)
1709324710.396194 sending message 104 to peer 0x128008000 (0 bytes)
1709324710.396206 sending message 110 to peer 0x128008000 (0 bytes)
1709324710.396213 sending message 107 to peer 0x128008000 (4 bytes)
1709324710.396219 sending message 105 to peer 0x128008000 (60 bytes)
1709324710.396226 sending message 105 to peer 0x128008000 (66 bytes)
1709324710.396232 sending message 105 to peer 0x128008000 (27 bytes)
1709324710.396239 sending message 105 to peer 0x128008000 (14 bytes)
1709324710.396246 sending message 105 to peer 0x128008000 (22 bytes)
1709324710.396253 sending message 105 to peer 0x128008000 (14 bytes)
1709324710.396260 sending message 105 to peer 0x128008000 (17 bytes)
1709324710.396267 sending message 105 to peer 0x128008000 (47 bytes)
1709324710.396274 sending message 105 to peer 0x128008000 (15 bytes)
1709324710.396283 sending message 105 to peer 0x128008000 (43 bytes)
1709324710.396288 sending message 105 to peer 0x128008000 (24 bytes)
1709324710.396293 sending message 105 to peer 0x128008000 (28 bytes)
1709324710.396302 sending message 105 to peer 0x128008000 (23 bytes)
1709324710.396307 sending message 105 to peer 0x128008000 (530 bytes)
1709324710.396315 sending message 105 to peer 0x128008000 (19 bytes)
1709324710.396326 sending message 105 to peer 0x128008000 (20 bytes)
1709324710.396333 sending message 105 to peer 0x128008000 (22 bytes)
1709324710.396365 sending message 105 to peer 0x128008000 (20 bytes)
1709324710.396372 sending message 105 to peer 0x128008000 (17 bytes)
1709324710.396380 sending message 105 to peer 0x128008000 (57 bytes)
1709324710.396387 sending message 105 to peer 0x128008000 (10 bytes)
1709324710.396394 sending message 105 to peer 0x128008000 (19 bytes)
1709324710.396401 sending message 105 to peer 0x128008000 (13 bytes)
1709324710.396408 sending message 105 to peer 0x128008000 (54 bytes)
1709324710.396416 sending message 105 to peer 0x128008000 (32 bytes)
1709324710.396424 sending message 105 to peer 0x128008000 (61 bytes)
1709324710.396432 sending message 105 to peer 0x128008000 (8 bytes)
1709324710.396438 sending message 105 to peer 0x128008000 (23 bytes)
1709324710.396445 sending message 105 to peer 0x128008000 (30 bytes)
1709324710.396453 sending message 105 to peer 0x128008000 (37 bytes)
1709324710.396460 sending message 105 to peer 0x128008000 (34 bytes)
1709324710.396467 sending message 105 to peer 0x128008000 (34 bytes)
1709324710.396474 sending message 105 to peer 0x128008000 (35 bytes)
1709324710.396482 sending message 105 to peer 0x128008000 (12 bytes)
1709324710.396490 sending message 105 to peer 0x128008000 (22 bytes)
1709324710.396495 sending message 105 to peer 0x128008000 (27 bytes)
1709324710.396502 sending message 105 to peer 0x128008000 (11 bytes)
1709324710.396509 sending message 105 to peer 0x128008000 (8 bytes)
1709324710.396517 sending message 105 to peer 0x128008000 (32 bytes)
1709324710.396525 sending message 105 to peer 0x128008000 (96 bytes)
1709324710.396543 sending message 105 to peer 0x128008000 (10 bytes)
1709324710.396551 sending message 105 to peer 0x128008000 (26 bytes)
1709324710.396556 sending message 105 to peer 0x128008000 (23 bytes)
1709324710.396561 sending message 105 to peer 0x128008000 (26 bytes)
1709324710.396568 sending message 105 to peer 0x128008000 (34 bytes)
1709324710.396574 sending message 105 to peer 0x128008000 (34 bytes)
1709324710.396581 sending message 105 to peer 0x128008000 (42 bytes)
1709324710.396588 sending message 105 to peer 0x128008000 (82 bytes)
1709324710.396595 sending message 105 to peer 0x128008000 (48 bytes)
1709324710.396602 sending message 105 to peer 0x128008000 (48 bytes)
1709324710.396609 sending message 105 to peer 0x128008000 (24 bytes)
1709324710.396616 sending message 105 to peer 0x128008000 (20 bytes)
1709324710.396623 sending message 105 to peer 0x128008000 (14 bytes)
1709324710.396630 sending message 105 to peer 0x128008000 (15 bytes)
1709324710.396637 sending message 105 to peer 0x128008000 (27 bytes)
1709324710.396644 sending message 105 to peer 0x128008000 (18 bytes)
1709324710.396652 sending message 105 to peer 0x128008000 (14 bytes)
1709324710.396659 sending message 105 to peer 0x128008000 (18 bytes)
1709324710.396666 sending message 105 to peer 0x128008000 (20 bytes)
1709324710.396673 sending message 105 to peer 0x128008000 (23 bytes)
1709324710.396680 sending message 105 to peer 0x128008000 (11 bytes)
1709324710.396687 sending message 105 to peer 0x128008000 (16 bytes)
1709324710.396694 sending message 105 to peer 0x128008000 (15 bytes)
1709324710.396701 sending message 105 to peer 0x128008000 (15 bytes)
1709324710.396708 sending message 105 to peer 0x128008000 (15 bytes)
1709324710.396715 sending message 105 to peer 0x128008000 (23 bytes)
1709324710.396722 sending message 105 to peer 0x128008000 (15 bytes)
1709324710.396729 sending message 105 to peer 0x128008000 (17 bytes)
1709324710.396737 sending message 105 to peer 0x128008000 (9 bytes)
1709324710.396743 sending message 105 to peer 0x128008000 (17 bytes)
1709324710.396750 sending message 105 to peer 0x128008000 (14 bytes)
1709324710.396757 sending message 105 to peer 0x128008000 (10 bytes)
1709324710.396763 sending message 105 to peer 0x128008000 (25 bytes)
1709324710.396771 sending message 106 to peer 0x128008000 (0 bytes)
1709324710.396877 sending message 200 to peer 0x128008000 (4 bytes)
1709324710.396887 client loop enter
1709324710.396915 client_signal: Child exited: 20
1709324710.468798 peer 0x128008000 message 207
1709324710.468810 sending message 208 to peer 0x128008000 (0 bytes)
1709330241.876422 client loop exit
